This file contains any messages produced by compilers while
running configure, to aid debugging if configure makes a mistake.

It was created by configure, which was
generated by GNU Autoconf 2.69.  Invocation command line was

  $ ./configure --enable-redis-igbinary

## --------- ##
## Platform. ##
## --------- ##

hostname = 1f18242c5ddf
uname -m = x86_64
uname -r = 5.4.0-42-generic
uname -s = Linux
uname -v = #46-Ubuntu SMP Fri Jul 10 00:24:02 UTC 2020

/usr/bin/uname -p = unknown
/bin/uname -X     = unknown

/bin/arch              = unknown
/usr/bin/arch -k       = unknown
/usr/convex/getsysinfo = unknown
/usr/bin/hostinfo      = unknown
/bin/machine           = unknown
/usr/bin/oslevel       = unknown
/bin/universe          = unknown

PATH: /usr/local/sbin
PATH: /usr/local/bin
PATH: /usr/sbin
PATH: /usr/bin
PATH: /sbin
PATH: /bin


## ----------- ##
## Core tests. ##
## ----------- ##

configure:2328: checking for grep that handles long lines and -e
configure:2386: result: /bin/grep
configure:2391: checking for egrep
configure:2453: result: /bin/grep -E
configure:2458: checking for a sed that does not truncate output
configure:2512: result: /bin/sed
configure:2649: checking for cc
configure:2665: found /usr/bin/cc
configure:2676: result: cc
configure:2707: checking for C compiler version
configure:2716: cc --version >&5
cc (Debian 6.3.0-18+deb9u1) 6.3.0 20170516
Copyright (C) 2016 Free Software Foundation, Inc.
This is free software; see the source for copying conditions.  There is NO
warranty; not even for MERCHANTABILITY or FITNESS FOR A PARTICULAR PURPOSE.

configure:2727: $? = 0
configure:2716: cc -v >&5
Using built-in specs.
COLLECT_GCC=cc
COLLECT_LTO_WRAPPER=/usr/lib/gcc/x86_64-linux-gnu/6/lto-wrapper
Target: x86_64-linux-gnu
Configured with: ../src/configure -v --with-pkgversion='Debian 6.3.0-18+deb9u1' --with-bugurl=file:///usr/share/doc/gcc-6/README.Bugs --enable-languages=c,ada,c++,java,go,d,fortran,objc,obj-c++ --prefix=/usr --program-suffix=-6 --program-prefix=x86_64-linux-gnu- --enable-shared --enable-linker-build-id --libexecdir=/usr/lib --without-included-gettext --enable-threads=posix --libdir=/usr/lib --enable-nls --with-sysroot=/ --enable-clocale=gnu --enable-libstdcxx-debug --enable-libstdcxx-time=yes --with-default-libstdcxx-abi=new --enable-gnu-unique-object --disable-vtable-verify --enable-libmpx --enable-plugin --enable-default-pie --with-system-zlib --disable-browser-plugin --enable-java-awt=gtk --enable-gtk-cairo --with-java-home=/usr/lib/jvm/java-1.5.0-gcj-6-amd64/jre --enable-java-home --with-jvm-root-dir=/usr/lib/jvm/java-1.5.0-gcj-6-amd64 --with-jvm-jar-dir=/usr/lib/jvm-exports/java-1.5.0-gcj-6-amd64 --with-arch-directory=amd64 --with-ecj-jar=/usr/share/java/eclipse-ecj.jar --with-target-system-zlib --enable-objc-gc=auto --enable-multiarch --with-arch-32=i686 --with-abi=m64 --with-multilib-list=m32,m64,mx32 --enable-multilib --with-tune=generic --enable-checking=release --build=x86_64-linux-gnu --host=x86_64-linux-gnu --target=x86_64-linux-gnu
Thread model: posix
gcc version 6.3.0 20170516 (Debian 6.3.0-18+deb9u1) 
configure:2727: $? = 0
configure:2716: cc -V >&5
cc: error: unrecognized command line option '-V'
cc: fatal error: no input files
compilation terminated.
configure:2727: $? = 1
configure:2716: cc -qversion >&5
cc: error: unrecognized command line option '-qversion'; did you mean '--version'?
cc: fatal error: no input files
compilation terminated.
configure:2727: $? = 1
configure:2747: checking whether the C compiler works
configure:2769: cc    conftest.c  >&5
configure:2773: $? = 0
configure:2821: result: yes
configure:2824: checking for C compiler default output file name
configure:2826: result: a.out
configure:2832: checking for suffix of executables
configure:2839: cc -o conftest    conftest.c  >&5
configure:2843: $? = 0
configure:2865: result: 
configure:2887: checking whether we are cross compiling
configure:2895: cc -o conftest    conftest.c  >&5
configure:2899: $? = 0
configure:2906: ./conftest
configure:2910: $? = 0
configure:2925: result: no
configure:2930: checking for suffix of object files
configure:2952: cc -c   conftest.c >&5
configure:2956: $? = 0
configure:2977: result: o
configure:2981: checking whether we are using the GNU C compiler
configure:3000: cc -c   conftest.c >&5
configure:3000: $? = 0
configure:3009: result: yes
configure:3018: checking whether cc accepts -g
configure:3038: cc -c -g  conftest.c >&5
configure:3038: $? = 0
configure:3079: result: yes
configure:3096: checking for cc option to accept ISO C89
configure:3159: cc  -c -g -O2  conftest.c >&5
configure:3159: $? = 0
configure:3172: result: none needed
configure:3198: checking how to run the C preprocessor
configure:3229: cc -E  conftest.c
configure:3229: $? = 0
configure:3243: cc -E  conftest.c
conftest.c:9:28: fatal error: ac_nonexistent.h: No such file or directory
 #include <ac_nonexistent.h>
                            ^
compilation terminated.
configure:3243: $? = 1
configure: failed program was:
| /* confdefs.h */
| #define PACKAGE_NAME ""
| #define PACKAGE_TARNAME ""
| #define PACKAGE_VERSION ""
| #define PACKAGE_STRING ""
| #define PACKAGE_BUGREPORT ""
| #define PACKAGE_URL ""
| /* end confdefs.h.  */
| #include <ac_nonexistent.h>
configure:3268: result: cc -E
configure:3288: cc -E  conftest.c
configure:3288: $? = 0
configure:3302: cc -E  conftest.c
conftest.c:9:28: fatal error: ac_nonexistent.h: No such file or directory
 #include <ac_nonexistent.h>
                            ^
compilation terminated.
configure:3302: $? = 1
configure: failed program was:
| /* confdefs.h */
| #define PACKAGE_NAME ""
| #define PACKAGE_TARNAME ""
| #define PACKAGE_VERSION ""
| #define PACKAGE_STRING ""
| #define PACKAGE_BUGREPORT ""
| #define PACKAGE_URL ""
| /* end confdefs.h.  */
| #include <ac_nonexistent.h>
configure:3333: checking for icc
configure:3342: result: no
configure:3356: checking for suncc
configure:3365: result: no
configure:3383: checking whether cc understands -c and -o together
configure:3411: cc -c conftest.c -o conftest2.o >&5
configure:3415: $? = 0
configure:3421: cc -c conftest.c -o conftest2.o >&5
configure:3425: $? = 0
configure:3480: result: yes
configure:3494: checking for system library directory
configure:3509: result: lib
configure:3516: checking if compiler supports -R
configure:3535: cc -o conftest -g -O2   conftest.c -R /usr/lib  >&5
cc: error: unrecognized command line option '-R'; did you mean '-R'?
configure:3535: $? = 1
configure: failed program was:
| /* confdefs.h */
| #define PACKAGE_NAME ""
| #define PACKAGE_TARNAME ""
| #define PACKAGE_VERSION ""
| #define PACKAGE_STRING ""
| #define PACKAGE_BUGREPORT ""
| #define PACKAGE_URL ""
| /* end confdefs.h.  */
| 
| int
| main ()
| {
| 
|   ;
|   return 0;
| }
configure:3545: result: no
configure:3550: checking if compiler supports -Wl,-rpath,
configure:3569: cc -o conftest -g -O2   conftest.c -Wl,-rpath,/usr/lib  >&5
configure:3569: $? = 0
configure:3579: result: yes
configure:3624: checking build system type
configure:3638: result: x86_64-pc-linux-gnu
configure:3658: checking host system type
configure:3671: result: x86_64-pc-linux-gnu
configure:3691: checking target system type
configure:3704: result: x86_64-pc-linux-gnu
configure:3807: checking for PHP prefix
configure:3809: result: /usr/local
configure:3811: checking for PHP includes
configure:3813: result: -I/usr/local/include/php -I/usr/local/include/php/main -I/usr/local/include/php/TSRM -I/usr/local/include/php/Zend -I/usr/local/include/php/ext -I/usr/local/include/php/ext/date/lib
configure:3815: checking for PHP extension directory
configure:3817: result: /usr/local/lib/php/extensions/no-debug-non-zts-20180731
configure:3819: checking for PHP installed headers prefix
configure:3821: result: /usr/local/include/php
configure:3824: checking if debug is enabled
configure:3850: result: no
configure:3853: checking if zts is enabled
configure:3879: result: no
configure:3950: checking for re2c
configure:3966: found /usr/bin/re2c
configure:3977: result: re2c
configure:3986: checking for re2c version
configure:4000: result: 0.16 (ok)
configure:4019: checking for gawk
configure:4050: result: no
configure:4019: checking for nawk
configure:4036: found /usr/bin/nawk
configure:4047: result: nawk
configure:4070: checking if nawk is broken
configure:4077: result: no
configure:4091: checking whether to enable redis support
configure:4130: result: yes, shared
configure:4139: checking whether to enable sessions
configure:4153: result: yes
configure:4162: checking whether to enable json serializer support
configure:4176: result: yes
configure:4185: checking whether to enable igbinary serializer support
configure:4199: result: yes
configure:4208: checking whether to enable msgpack serializer support
configure:4222: result: no
configure:4231: checking whether to enable lzf compression
configure:4245: result: no
configure:4254: checking use system liblzf
configure:4269: result: no
configure:4278: checking whether to enable Zstd compression
configure:4292: result: no
configure:4301: checking use system libsztd
configure:4316: result: yes
configure:4325: checking whether to enable lz4 compression
configure:4339: result: no
configure:4348: checking use system liblz4
configure:4363: result: no
configure:4377: checking for hash includes
configure:4397: result: /usr/local/include/php
configure:4402: checking for json includes
configure:4422: result: /usr/local/include/php
configure:4427: checking for redis json support
configure:4430: result: enabled
configure:4496: checking for igbinary includes
configure:4517: result: /usr/local/include/php
configure:4522: checking for redis igbinary support
configure:4525: result: enabled
configure:4691: checking for pkg-config
configure:4709: found /usr/bin/pkg-config
configure:4722: result: /usr/bin/pkg-config
configure:6046: checking for git
configure:6074: result: no
configure:6437: checking for ld used by cc
configure:6504: result: /usr/bin/ld
configure:6511: checking if the linker (/usr/bin/ld) is GNU ld
configure:6526: result: yes
configure:6531: checking for /usr/bin/ld option to reload object files
configure:6538: result: -r
configure:6556: checking for BSD-compatible nm
configure:6605: result: /usr/bin/nm -B
configure:6609: checking whether ln -s works
configure:6613: result: yes
configure:6620: checking how to recognize dependent libraries
configure:6806: result: pass_all
configure:6891: cc -c -g -O2  conftest.c >&5
configure:6894: $? = 0
configure:7024: checking for ANSI C header files
configure:7044: cc -c -g -O2  conftest.c >&5
configure:7044: $? = 0
configure:7117: cc -o conftest -g -O2   conftest.c  >&5
configure:7117: $? = 0
configure:7117: ./conftest
configure:7117: $? = 0
configure:7128: result: yes
configure:7141: checking for sys/types.h
configure:7141: cc -c -g -O2  conftest.c >&5
configure:7141: $? = 0
configure:7141: result: yes
configure:7141: checking for sys/stat.h
configure:7141: cc -c -g -O2  conftest.c >&5
configure:7141: $? = 0
configure:7141: result: yes
configure:7141: checking for stdlib.h
configure:7141: cc -c -g -O2  conftest.c >&5
configure:7141: $? = 0
configure:7141: result: yes
configure:7141: checking for string.h
configure:7141: cc -c -g -O2  conftest.c >&5
configure:7141: $? = 0
configure:7141: result: yes
configure:7141: checking for memory.h
configure:7141: cc -c -g -O2  conftest.c >&5
configure:7141: $? = 0
configure:7141: result: yes
configure:7141: checking for strings.h
configure:7141: cc -c -g -O2  conftest.c >&5
configure:7141: $? = 0
configure:7141: result: yes
configure:7141: checking for inttypes.h
configure:7141: cc -c -g -O2  conftest.c >&5
configure:7141: $? = 0
configure:7141: result: yes
configure:7141: checking for stdint.h
configure:7141: cc -c -g -O2  conftest.c >&5
configure:7141: $? = 0
configure:7141: result: yes
configure:7141: checking for unistd.h
configure:7141: cc -c -g -O2  conftest.c >&5
configure:7141: $? = 0
configure:7141: result: yes
configure:7155: checking dlfcn.h usability
configure:7155: cc -c -g -O2  conftest.c >&5
configure:7155: $? = 0
configure:7155: result: yes
configure:7155: checking dlfcn.h presence
configure:7155: cc -E  conftest.c
configure:7155: $? = 0
configure:7155: result: yes
configure:7155: checking for dlfcn.h
configure:7155: result: yes
configure:7177: checking the maximum length of command line arguments
configure:7289: result: 1572864
configure:7301: checking command to parse /usr/bin/nm -B output from cc object
configure:7406: cc -c -g -O2  conftest.c >&5
configure:7409: $? = 0
configure:7413: /usr/bin/nm -B conftest.o \| sed -n -e 's/^.*[ 	]\([ABCDGIRSTW][ABCDGIRSTW]*\)[ 	][ 	]*\([_A-Za-z][_A-Za-z0-9]*\)$/\1 \2 \2/p' \> conftest.nm
configure:7416: $? = 0
configure:7468: cc -o conftest -g -O2   conftest.c conftstm.o >&5
configure:7471: $? = 0
configure:7509: result: ok
configure:7513: checking for objdir
configure:7528: result: .libs
configure:7620: checking for ar
configure:7636: found /usr/bin/ar
configure:7647: result: ar
configure:7712: checking for ranlib
configure:7728: found /usr/bin/ranlib
configure:7739: result: ranlib
configure:7804: checking for strip
configure:7820: found /usr/bin/strip
configure:7831: result: strip
configure:8400: checking if cc supports -fno-rtti -fno-exceptions
configure:8418: cc -c -g -O2  -fno-rtti -fno-exceptions conftest.c >&5
cc1: warning: command line option '-fno-rtti' is valid for C++/ObjC++ but not for C
configure:8422: $? = 0
configure:8435: result: no
configure:8450: checking for cc option to produce PIC
configure:8690: result: -fPIC
configure:8698: checking if cc PIC flag -fPIC works
configure:8716: cc -c -g -O2  -fPIC -DPIC conftest.c >&5
configure:8720: $? = 0
configure:8733: result: yes
configure:8761: checking if cc static flag -static works
configure:8789: result: yes
configure:8799: checking if cc supports -c -o file.o
configure:8820: cc -c -g -O2  -o out/conftest2.o conftest.c >&5
configure:8824: $? = 0
configure:8846: result: yes
configure:8872: checking whether the cc linker (/usr/bin/ld -m elf_x86_64) supports shared libraries
configure:9800: result: yes
configure:9821: checking whether -lc should be explicitly linked in
configure:9826: cc -c -g -O2  conftest.c >&5
configure:9829: $? = 0
configure:9844: cc -shared conftest.o  -v -Wl,-soname -Wl,conftest -o conftest 2\>\&1 \| grep  -lc  \>/dev/null 2\>\&1
configure:9847: $? = 0
configure:9859: result: no
configure:9867: checking dynamic linker characteristics
configure:10465: result: GNU/Linux ld.so
configure:10489: checking how to hardcode library paths into programs
configure:10514: result: immediate
configure:10528: checking whether stripping libraries is possible
configure:10533: result: yes
configure:11050: checking if libtool supports shared libraries
configure:11052: result: yes
configure:11055: checking whether to build shared libraries
configure:11076: result: yes
configure:11079: checking whether to build static libraries
configure:11083: result: no
configure:11178: result:
creating libtool
configure:14876: creating ./config.status

## ---------------------- ##
## Running config.status. ##
## ---------------------- ##

This file was extended by config.status, which was
generated by GNU Autoconf 2.69.  Invocation command line was

  CONFIG_FILES    = 
  CONFIG_HEADERS  = 
  CONFIG_LINKS    = 
  CONFIG_COMMANDS = 
  $ ./config.status 

on 1f18242c5ddf

config.status:679: creating config.h

## ---------------- ##
## Cache variables. ##
## ---------------- ##

ac_cv_build=x86_64-pc-linux-gnu
ac_cv_c_compiler_gnu=yes
ac_cv_env_CC_set=
ac_cv_env_CC_value=
ac_cv_env_CFLAGS_set=
ac_cv_env_CFLAGS_value=
ac_cv_env_CPPFLAGS_set=
ac_cv_env_CPPFLAGS_value=
ac_cv_env_CPP_set=
ac_cv_env_CPP_value=
ac_cv_env_LDFLAGS_set=
ac_cv_env_LDFLAGS_value=
ac_cv_env_LIBS_set=
ac_cv_env_LIBS_value=
ac_cv_env_build_alias_set=
ac_cv_env_build_alias_value=
ac_cv_env_host_alias_set=
ac_cv_env_host_alias_value=
ac_cv_env_target_alias_set=
ac_cv_env_target_alias_value=
ac_cv_header_dlfcn_h=yes
ac_cv_header_inttypes_h=yes
ac_cv_header_memory_h=yes
ac_cv_header_stdc=yes
ac_cv_header_stdint_h=yes
ac_cv_header_stdlib_h=yes
ac_cv_header_string_h=yes
ac_cv_header_strings_h=yes
ac_cv_header_sys_stat_h=yes
ac_cv_header_sys_types_h=yes
ac_cv_header_unistd_h=yes
ac_cv_host=x86_64-pc-linux-gnu
ac_cv_objext=o
ac_cv_path_EGREP='/bin/grep -E'
ac_cv_path_GREP=/bin/grep
ac_cv_path_PKG_CONFIG=/usr/bin/pkg-config
ac_cv_prog_AWK=nawk
ac_cv_prog_CPP='cc -E'
ac_cv_prog_GIT=no
ac_cv_prog_RE2C=re2c
ac_cv_prog_ac_ct_AR=ar
ac_cv_prog_ac_ct_CC=cc
ac_cv_prog_ac_ct_RANLIB=ranlib
ac_cv_prog_ac_ct_STRIP=strip
ac_cv_prog_cc_c89=
ac_cv_prog_cc_cc_c_o=yes
ac_cv_prog_cc_g=yes
ac_cv_target=x86_64-pc-linux-gnu
lt_cv_deplibs_check_method=pass_all
lt_cv_file_magic_cmd='$MAGIC_CMD'
lt_cv_file_magic_test_file=
lt_cv_ld_reload_flag=-r
lt_cv_objdir=.libs
lt_cv_path_LD=/usr/bin/ld
lt_cv_path_NM='/usr/bin/nm -B'
lt_cv_path_SED=/bin/sed
lt_cv_prog_compiler_c_o=yes
lt_cv_prog_compiler_pic_works=yes
lt_cv_prog_compiler_rtti_exceptions=no
lt_cv_prog_compiler_static_works=yes
lt_cv_prog_gnu_ld=yes
lt_cv_sys_global_symbol_pipe='sed -n -e '\''s/^.*[ 	]\([ABCDGIRSTW][ABCDGIRSTW]*\)[ 	][ 	]*\([_A-Za-z][_A-Za-z0-9]*\)$/\1 \2 \2/p'\'''
lt_cv_sys_global_symbol_to_c_name_address='sed -n -e '\''s/^: \([^ ]*\) $/  {\"\1\", (lt_ptr) 0},/p'\'' -e '\''s/^[BCDEGRST] \([^ ]*\) \([^ ]*\)$/  {"\2", (lt_ptr) \&\2},/p'\'''
lt_cv_sys_global_symbol_to_cdecl='sed -n -e '\''s/^. .* \(.*\)$/extern int \1;/p'\'''
lt_cv_sys_lib_dlsearch_path_spec='/lib /usr/lib /usr/local/lib /lib/x86_64-linux-gnu /usr/lib/x86_64-linux-gnu '
lt_cv_sys_lib_search_path_spec='/usr/lib/gcc/x86_64-linux-gnu/6 /usr/lib/x86_64-linux-gnu /usr/lib /lib/x86_64-linux-gnu /lib'
lt_cv_sys_max_cmd_len=1572864
lt_lt_cv_prog_compiler_c_o='"yes"'
lt_lt_cv_sys_global_symbol_pipe='"sed -n -e '\''s/^.*[ 	]\\([ABCDGIRSTW][ABCDGIRSTW]*\\)[ 	][ 	]*\\([_A-Za-z][_A-Za-z0-9]*\\)\$/\\1 \\2 \\2/p'\''"'
lt_lt_cv_sys_global_symbol_to_c_name_address='"sed -n -e '\''s/^: \\([^ ]*\\) \$/  {\\\"\\1\\\", (lt_ptr) 0},/p'\'' -e '\''s/^[BCDEGRST] \\([^ ]*\\) \\([^ ]*\\)\$/  {\"\\2\", (lt_ptr) \\&\\2},/p'\''"'
lt_lt_cv_sys_global_symbol_to_cdecl='"sed -n -e '\''s/^. .* \\(.*\\)\$/extern int \\1;/p'\''"'
php_cv_cc_dashr=no
php_cv_cc_rpath=yes
php_cv_re2c_version='0.16 (ok)'

## ----------------- ##
## Output variables. ##
## ----------------- ##

AR='ar'
AWK='nawk'
CC='cc'
CFLAGS='-g -O2'
CONFIGURE_COMMAND=' '\''./configure'\''  '\''--enable-redis-igbinary'\'''
CONFIGURE_OPTIONS=' '\''--enable-redis-igbinary'\'''
CPP='cc -E'
CPPFLAGS=' -DHAVE_CONFIG_H'
DEFS='-DHAVE_CONFIG_H'
DSYMUTIL=''
ECHO='echo'
ECHO_C=''
ECHO_N='-n'
ECHO_T=''
EGREP='/bin/grep -E'
EXEEXT=''
GIT='no'
GREP='/bin/grep'
LDFLAGS=''
LIBOBJS=''
LIBS=''
LIBTOOL='$(SHELL) $(top_builddir)/libtool'
LN_S='ln -s'
LTLIBOBJS=''
NMEDIT=''
OBJEXT='o'
PACKAGE_BUGREPORT=''
PACKAGE_NAME=''
PACKAGE_STRING=''
PACKAGE_TARNAME=''
PACKAGE_URL=''
PACKAGE_VERSION=''
PATH_SEPARATOR=':'
PKG_CONFIG='/usr/bin/pkg-config'
RANLIB='ranlib'
RE2C='re2c'
SED='/bin/sed'
SHELL='/bin/bash'
SHLIB_DL_SUFFIX_NAME='so'
SHLIB_SUFFIX_NAME='so'
STRIP='strip'
ac_ct_CC='cc'
bindir='${exec_prefix}/bin'
build='x86_64-pc-linux-gnu'
build_alias=''
build_cpu='x86_64'
build_os='linux-gnu'
build_vendor='pc'
datadir='${datarootdir}'
datarootdir='${prefix}/share'
docdir='${datarootdir}/doc/${PACKAGE}'
dvidir='${docdir}'
exec_prefix='$(prefix)'
host='x86_64-pc-linux-gnu'
host_alias='x86_64-pc-linux-gnu'
host_cpu='x86_64'
host_os='linux-gnu'
host_vendor='pc'
htmldir='${docdir}'
includedir='${prefix}/include'
infodir='${datarootdir}/info'
libdir='${exec_prefix}/lib'
libexecdir='${exec_prefix}/libexec'
localedir='${datarootdir}/locale'
localstatedir='${prefix}/var'
mandir='${datarootdir}/man'
oldincludedir='/usr/include'
pdfdir='${docdir}'
prefix='/usr/local'
program_transform_name='s,x,x,'
psdir='${docdir}'
runstatedir='${localstatedir}/run'
sbindir='${exec_prefix}/sbin'
sharedstatedir='${prefix}/com'
sysconfdir='${prefix}/etc'
target='x86_64-pc-linux-gnu'
target_alias=''
target_cpu='x86_64'
target_os='linux-gnu'
target_vendor='pc'

## ----------- ##
## confdefs.h. ##
## ----------- ##

/* confdefs.h */
#define PACKAGE_NAME ""
#define PACKAGE_TARNAME ""
#define PACKAGE_VERSION ""
#define PACKAGE_STRING ""
#define PACKAGE_BUGREPORT ""
#define PACKAGE_URL ""
#define PHP_SESSION 1
#define HAVE_REDIS_JSON 1
#define HAVE_REDIS_IGBINARY 1
#define COMPILE_DL_REDIS 1
#define STDC_HEADERS 1
#define HAVE_SYS_TYPES_H 1
#define HAVE_SYS_STAT_H 1
#define HAVE_STDLIB_H 1
#define HAVE_STRING_H 1
#define HAVE_MEMORY_H 1
#define HAVE_STRINGS_H 1
#define HAVE_INTTYPES_H 1
#define HAVE_STDINT_H 1
#define HAVE_UNISTD_H 1
#define HAVE_DLFCN_H 1

configure: exit 0
